INFO:     Started server process [22424]
INFO:     Waiting for application startup.
INFO:     Application startup complete.
INFO:     Uvicorn running on http://0.0.0.0:8000 (Press CTRL+C to quit)
[DataFetcher] AKShare数据源初始化成功
============================================================
A股量化交易系统 - 后端服务
============================================================

启动中...
API文档: http://localhost:8000/docs
接口地址: http://localhost:8000/api

按 Ctrl+C 停止服务

[DataFetcher] AKShare数据源初始化成功
  获取 5 只股票的历史数据...
  数据区间: 20250705 ~ 20260531（含前导数据）
  0%|          | 0/16 [00:00<?, ?it/s]  6%|▋         | 1/16 [00:00<00:02,  5.37it/s] 12%|█▎        | 2/16 [00:00<00:02,  5.68it/s] 19%|█▉        | 3/16 [00:00<00:02,  5.30it/s] 25%|██▌       | 4/16 [00:00<00:02,  4.72it/s] 31%|███▏      | 5/16 [00:01<00:02,  4.82it/s] 38%|███▊      | 6/16 [00:01<00:02,  4.75it/s] 44%|████▍     | 7/16 [00:01<00:02,  3.75it/s] 50%|█████     | 8/16 [00:01<00:01,  4.15it/s] 56%|█████▋    | 9/16 [00:01<00:01,  4.50it/s] 62%|██████▎   | 10/16 [00:02<00:01,  4.41it/s] 69%|██████▉   | 11/16 [00:02<00:01,  4.17it/s] 75%|███████▌  | 12/16 [00:02<00:00,  4.40it/s] 81%|████████▏ | 13/16 [00:03<00:00,  3.41it/s] 88%|████████▊ | 14/16 [00:03<00:00,  3.93it/s] 94%|█████████▍| 15/16 [00:03<00:00,  4.19it/s]100%|██████████| 16/16 [00:03<00:00,  4.45it/s]                                                 [1/5] 600519 贵州茅台: 95条数据
  [2/5] 002415 海康威视: 95条数据
  [3/5] 002371 北方华创: 95条数据
  [4/5] 002410 广联达: 95条数据
  [5/5] 300015 爱尔眼科: 95条数据
  共获取 95 个交易日的数据
数据已保存: ./data_cache/market_data_20260101_20260531_5stocks.json
INFO:     127.0.0.1:2300 - "POST /api/analyze/regime?start_date=20260101&end_date=20260531 HTTP/1.1" 200 OK
INFO:     127.0.0.1:4540 - "POST /api/analyze/event HTTP/1.1" 400 Bad Request
INFO:     127.0.0.1:4548 - "POST /api/analyze/event HTTP/1.1" 400 Bad Request
INFO:     127.0.0.1:4572 - "POST /api/analyze/event HTTP/1.1" 400 Bad Request
INFO:     127.0.0.1:14891 - "POST /api/analyze/event HTTP/1.1" 200 OK
INFO:     127.0.0.1:12222 - "GET / HTTP/1.1" 200 OK
INFO:     127.0.0.1:8209 - "POST /api/analyze/event HTTP/1.1" 200 OK
  获取 10 只股票的历史数据...
  数据区间: 20250705 ~ 20260531（含前导数据）
  [1/10] 300750 宁德时代: 95条数据
  [2/10] 300763 锦浪科技: 95条数据
  [3/10] 603929 亚翔集成: 95条数据
  [4/10] 002156 通富微电: 95条数据
  [5/10] 600584 长电科技: 95条数据
  [6/10] 002281 光迅科技: 95条数据
  [7/10] 600522 中天科技: 95条数据
  [8/10] 600487 亨通光电: 95条数据
  [9/10] 603083 剑桥科技: 95条数据
  [10/10] 601869 长飞光纤: 95条数据
  共获取 95 个交易日的数据
数据已保存: ./data_cache/market_data_20260101_20260531_10stocks.json
INFO:     127.0.0.1:13291 - "POST /api/analyze/regime?start_date=20260101&end_date=20260531 HTTP/1.1" 200 OK
